{"level":"info","message":"Bot is running..."}
{"level":"info","message":"Keep-alive so‘rovi yuborildi..."}
{"level":"info","message":"Varaq nomini olish boshlandi..."}
{"level":"info","message":"Varaq nomi:"}
{"level":"info","message":"Health check: Bot faol! Server holati: OK"}
{"level":"info","message":"Health check muvaffaqiyatli"}
{"level":"info","message":"Keep-alive so‘rovi yuborildi..."}
{"level":"info","message":"Health check: Bot faol! Server holati: OK"}
{"level":"info","message":"Health check muvaffaqiyatli"}
{"level":"info","message":"Bot is running..."}
{"level":"info","message":"Varaq nomini olish boshlandi..."}
{"level":"info","message":"Varaq nomi:"}
{"level":"info","message":"Health check muvaffaqiyatli"}
{"level":"info","message":"Keep-alive so‘rovi yuborildi..."}
{"level":"info","message":"Health check: Bot faol! Server holati: OK"}
{"level":"info","message":"Health check muvaffaqiyatli"}
{"level":"info","message":"Health check muvaffaqiyatli"}
{"level":"info","message":"Keep-alive so‘rovi yuborildi..."}
{"level":"info","message":"Health check: Bot faol! Server holati: OK"}
{"level":"info","message":"Health check muvaffaqiyatli"}
{"level":"info","message":"Keep-alive so‘rovi yuborildi..."}
{"level":"info","message":"Health check: Bot faol! Server holati: OK"}
{"level":"info","message":"Health check muvaffaqiyatli"}
